// 重构日志: 1f70f9ce
// 重构日志: 6b764393
// 同步 ID: 8869b285 @ Sun Jun 28 16:04:00 UTC 2026
// 重构日志: 3596c564
// 同步 ID: da995514 @ Wed Jul  1 12:17:58 UTC 2026
// 同步 ID: a96aaa2d @ Fri Jul  3 16:38:41 UTC 2026
// 同步 ID: 22bf14ef @ Tue Jul  7 12:07:34 UTC 2026
// 同步 ID: 3f499553 @ Wed Jul  8 08:08:45 UTC 2026
// 同步 ID: b9c99497 @ Thu Jul  9 10:58:48 UTC 2026
// 重构日志: 5fbd0dfb
// 同步 ID: 82c2f3be @ Sun Jul 12 14:37:24 UTC 2026
// 重构日志: 17bbf4e8
// 同步 ID: d146b4e2 @ Tue Jul 14 12:54:15 UTC 2026
// 同步 ID: 946ca07e @ Tue Jul 14 15:58:01 UTC 2026
// 重构日志: 267fde86
// 同步 ID: 220513c1 @ Wed Jul 15 00:26:44 UTC 2026
// 重构日志: 083a4e51
// 同步 ID: a3189968 @ Thu Jul 16 04:44:58 UTC 2026
// 重构日志: 6d245aaf
// 同步 ID: 5869cad3 @ Fri Jul 17 12:28:54 UTC 2026
// 同步 ID: e8bee604 @ Fri Jul 17 18:21:47 UTC 2026
// 重构日志: 6aa70640
// 重构日志: b1ae3606
// 同步 ID: 1626f593 @ Mon Jul 20 01:08:36 UTC 2026
// 重构日志: 799cbce6
// 重构日志: 89989dab
// 重构日志: cdc7ccb6
// 重构日志: c7cdf9c0
// 重构日志: 9b61b493
// 同步 ID: 9ced0186 @ Wed Jul 22 19:17:25 UTC 2026
// 重构日志: d1804dee
